<?xml version="1.0" encoding="UTF-8"?>
<!-- Generated by org.testng.reporters.JUnitReportReporter -->
<testsuite hostname="Aakanksha2410" failures="0" tests="1" name="PBTestClass.PBLogInTestClass" time="22.343" errors="0" timestamp="2023-06-30T18:02:41 IST" skipped="0">
  <testcase classname="PBTestClass.PBLogInTestClass" name="verify" time="22.343"/>
  <system-out>
    <![CDATA[Verifyied by Aakanksha]]>
  </system-out>
</testsuite> <!-- PBTestClass.PBLogInTestClass -->
